#-----------------------------------------------------------
# Vivado v2023.2 (64-bit)
# SW Build 4029153 on Fri Oct 13 20:13:54 MDT 2023
# IP Build 4028589 on Sat Oct 14 00:45:43 MDT 2023
# SharedData Build 4025554 on Tue Oct 10 17:18:54 MDT 2023
# Start of session at: Wed Jul  3 17:34:13 2024
# Process ID: 94481
# Current directory: /home/jam/Downloads/PCILeech_Italian/project/project1/pcileech_squirrel
# Command line: vivado
# Log file: /home/jam/Downloads/PCILeech_Italian/project/project1/pcileech_squirrel/vivado.log
# Journal file: /home/jam/Downloads/PCILeech_Italian/project/project1/pcileech_squirrel/vivado.jou
# Running On: jam-Precision-5510, OS: Linux, CPU Frequency: 3200.383 MHz, CPU Physical cores: 4, Host memory: 16425 MB
#-----------------------------------------------------------
start_gui
WARNING: [Board 49-26] cannot add Board Part xilinx.com:vek280_es:part0:1.0 available at /tools/Xilinx/Vivado/2023.2/data/xhub/boards/XilinxBoardStore/boards/Xilinx/vek280/es/rev_a/1.0/board.xml as part xcve2802-vsvh1760-2lp-e-s-es1 specified in board_part file is either invalid or not available
WARNING: [Board 49-26] cannot add Board Part xilinx.com:vek280_es:part0:1.1 available at /tools/Xilinx/Vivado/2023.2/data/xhub/boards/XilinxBoardStore/boards/Xilinx/vek280/es/rev_a/1.1/board.xml as part xcve2802-vsvh1760-2lp-e-s-es1 specified in board_part file is either invalid or not available
WARNING: [Board 49-26] cannot add Board Part xilinx.com:vek280_es_revb:part0:1.0 available at /tools/Xilinx/Vivado/2023.2/data/xhub/boards/XilinxBoardStore/boards/Xilinx/vek280/es/rev_b/1.0/board.xml as part xcve2802-vsvh1760-2mp-e-s-es1 specified in board_part file is either invalid or not available
WARNING: [Board 49-26] cannot add Board Part xilinx.com:vek280_es_revb:part0:1.1 available at /tools/Xilinx/Vivado/2023.2/data/xhub/boards/XilinxBoardStore/boards/Xilinx/vek280/es/rev_b/1.1/board.xml as part xcve2802-vsvh1760-2mp-e-s-es1 specified in board_part file is either invalid or not available
WARNING: [Board 49-26] cannot add Board Part xilinx.com:vhk158_es:part0:1.0 available at /tools/Xilinx/Vivado/2023.2/data/xhub/boards/XilinxBoardStore/boards/Xilinx/vhk158/es/1.0/board.xml as part xcvh1582-vsva3697-2mp-e-s-es1 specified in board_part file is either invalid or not available
WARNING: [Board 49-26] cannot add Board Part xilinx.com:vhk158_es:part0:1.1 available at /tools/Xilinx/Vivado/2023.2/data/xhub/boards/XilinxBoardStore/boards/Xilinx/vhk158/es/1.1/board.xml as part xcvh1582-vsva3697-2mp-e-s-es1 specified in board_part file is either invalid or not available
WARNING: [Board 49-26] cannot add Board Part xilinx.com:zcu208ld:part0:2.0 available at /tools/Xilinx/Vivado/2023.2/data/xhub/boards/XilinxBoardStore/boards/Xilinx/zcu208ld/production/2.0/board.xml as part xczu58dr-fsvg1517-2-i specified in board_part file is either invalid or not available
WARNING: [Board 49-26] cannot add Board Part xilinx.com:zcu216ld:part0:2.0 available at /tools/Xilinx/Vivado/2023.2/data/xhub/boards/XilinxBoardStore/boards/Xilinx/zcu216ld/production/2.0/board.xml as part xczu59dr-ffvf1760-2-i specified in board_part file is either invalid or not available
WARNING: [Board 49-26] cannot add Board Part xilinx.com:zcu670:part0:2.0 available at /tools/Xilinx/Vivado/2023.2/data/xhub/boards/XilinxBoardStore/boards/Xilinx/zcu670/2.0/board.xml as part xczu67dr-fsve1156-2-i specified in board_part file is either invalid or not available
WARNING: [Board 49-26] cannot add Board Part xilinx.com:zcu670ld:part0:1.0 available at /tools/Xilinx/Vivado/2023.2/data/xhub/boards/XilinxBoardStore/boards/Xilinx/zcu670ld/1.0/board.xml as part xczu57dr-fsve1156-2-i specified in board_part file is either invalid or not available
open_project /home/jam/Downloads/PCILeech_Italian/project/project1/pcileech_squirrel/pcileech_squirrel.xpr
INFO: [Project 1-313] Project file moved from 'C:/Users/Dany/Downloads/project1/diviner-full-emu-v2-main/pcileech_squirrel' since last save.
Scanning sources...
Finished scanning sources
INFO: [IP_Flow 19-234] Refreshing IP repositories
INFO: [IP_Flow 19-1704] No user IP repositories specified
INFO: [IP_Flow 19-2313] Loaded Vivado IP repository '/tools/Xilinx/Vivado/2023.2/data/ip'.
WARNING: [IP_Flow 19-2162] IP 'fifo_134_134_clk2_rxfifo' is locked:
* Project containing IP 'fifo_134_134_clk2_rxfifo' is read-only. * IP definition 'FIFO Generator (13.2)' for IP 'fifo_134_134_clk2_rxfifo' (customized with software release 2024.1.1) has a different revision in the IP Catalog.
WARNING: [IP_Flow 19-2162] IP 'fifo_1_1_clk2' is locked:
* Project containing IP 'fifo_1_1_clk2' is read-only. * IP definition 'FIFO Generator (13.2)' for IP 'fifo_1_1_clk2' (customized with software release 2024.1.1) has a different revision in the IP Catalog.
WARNING: [IP_Flow 19-2162] IP 'fifo_134_134_clk2' is locked:
* Project containing IP 'fifo_134_134_clk2' is read-only. * IP definition 'FIFO Generator (13.2)' for IP 'fifo_134_134_clk2' (customized with software release 2024.1.1) has a different revision in the IP Catalog.
WARNING: [IP_Flow 19-2162] IP 'fifo_43_43_clk2' is locked:
* Project containing IP 'fifo_43_43_clk2' is read-only. * IP definition 'FIFO Generator (13.2)' for IP 'fifo_43_43_clk2' (customized with software release 2024.1.1) has a different revision in the IP Catalog.
WARNING: [IP_Flow 19-2162] IP 'fifo_129_129_clk1' is locked:
* Project containing IP 'fifo_129_129_clk1' is read-only. * IP definition 'FIFO Generator (13.2)' for IP 'fifo_129_129_clk1' (customized with software release 2024.1.1) has a different revision in the IP Catalog.
WARNING: [IP_Flow 19-2162] IP 'drom_pcie_cfgspace_writemask' is locked:
* Project containing IP 'drom_pcie_cfgspace_writemask' is read-only. * IP definition 'Distributed Memory Generator (8.0)' for IP 'drom_pcie_cfgspace_writemask' (customized with software release 2024.1.1) has a different revision in the IP Catalog.
WARNING: [IP_Flow 19-2162] IP 'bram_pcie_cfgspace' is locked:
* Project containing IP 'bram_pcie_cfgspace' is read-only. * IP definition 'Block Memory Generator (8.4)' for IP 'bram_pcie_cfgspace' (customized with software release 2024.1.1) has a different revision in the IP Catalog.
WARNING: [IP_Flow 19-2162] IP 'fifo_49_49_clk2' is locked:
* Project containing IP 'fifo_49_49_clk2' is read-only. * IP definition 'FIFO Generator (13.2)' for IP 'fifo_49_49_clk2' (customized with software release 2024.1.1) has a different revision in the IP Catalog.
WARNING: [IP_Flow 19-2162] IP 'fifo_141_141_clk1_bar_wr' is locked:
* Project containing IP 'fifo_141_141_clk1_bar_wr' is read-only. * IP definition 'FIFO Generator (13.2)' for IP 'fifo_141_141_clk1_bar_wr' (customized with software release 2024.1.1) has a different revision in the IP Catalog.
WARNING: [IP_Flow 19-2162] IP 'fifo_134_134_clk1_bar_rdrsp' is locked:
* Project containing IP 'fifo_134_134_clk1_bar_rdrsp' is read-only. * IP definition 'FIFO Generator (13.2)' for IP 'fifo_134_134_clk1_bar_rdrsp' (customized with software release 2024.1.1) has a different revision in the IP Catalog.
WARNING: [IP_Flow 19-2162] IP 'fifo_74_74_clk1_bar_rd1' is locked:
* Project containing IP 'fifo_74_74_clk1_bar_rd1' is read-only. * IP definition 'FIFO Generator (13.2)' for IP 'fifo_74_74_clk1_bar_rd1' (customized with software release 2024.1.1) has a different revision in the IP Catalog.
WARNING: [IP_Flow 19-2162] IP 'fifo_32_32_clk2' is locked:
* Project containing IP 'fifo_32_32_clk2' is read-only. * IP definition 'FIFO Generator (13.2)' for IP 'fifo_32_32_clk2' (customized with software release 2024.1.1) has a different revision in the IP Catalog.
WARNING: [IP_Flow 19-2162] IP 'fifo_64_64' is locked:
* Project containing IP 'fifo_64_64' is read-only. * IP definition 'FIFO Generator (13.2)' for IP 'fifo_64_64' (customized with software release 2024.1.1) has a different revision in the IP Catalog.
WARNING: [IP_Flow 19-2162] IP 'fifo_64_64_clk1_fifocmd' is locked:
* Project containing IP 'fifo_64_64_clk1_fifocmd' is read-only. * IP definition 'FIFO Generator (13.2)' for IP 'fifo_64_64_clk1_fifocmd' (customized with software release 2024.1.1) has a different revision in the IP Catalog.
WARNING: [IP_Flow 19-2162] IP 'fifo_34_34' is locked:
* Project containing IP 'fifo_34_34' is read-only. * IP definition 'FIFO Generator (13.2)' for IP 'fifo_34_34' (customized with software release 2024.1.1) has a different revision in the IP Catalog.
WARNING: [IP_Flow 19-2162] IP 'fifo_256_32_clk2_comtx' is locked:
* Project containing IP 'fifo_256_32_clk2_comtx' is read-only. * IP definition 'FIFO Generator (13.2)' for IP 'fifo_256_32_clk2_comtx' (customized with software release 2024.1.1) has a different revision in the IP Catalog.
WARNING: [IP_Flow 19-2162] IP 'fifo_32_32_clk1_comtx' is locked:
* Project containing IP 'fifo_32_32_clk1_comtx' is read-only. * IP definition 'FIFO Generator (13.2)' for IP 'fifo_32_32_clk1_comtx' (customized with software release 2024.1.1) has a different revision in the IP Catalog.
WARNING: [IP_Flow 19-2162] IP 'fifo_64_64_clk2_comrx' is locked:
* Project containing IP 'fifo_64_64_clk2_comrx' is read-only. * IP definition 'FIFO Generator (13.2)' for IP 'fifo_64_64_clk2_comrx' (customized with software release 2024.1.1) has a different revision in the IP Catalog.
WARNING: [IP_Flow 19-2162] IP 'bram_bar_zero4k' is locked:
* Project containing IP 'bram_bar_zero4k' is read-only. * IP definition 'Block Memory Generator (8.4)' for IP 'bram_bar_zero4k' (customized with software release 2024.1.1) has a different revision in the IP Catalog.
WARNING: [Project 1-231] Project 'pcileech_squirrel.xpr' was created with a future version and may or may not perform reliably with this version of Vivado. It has been opened in read-only mode for the protection of unrecognized data. Use 'File | Save Project As...' if you wish to alter a copy of the project.
update_compile_order -fileset sources_1
save_project_as project_1 /home/jam/Downloads/PCILeech_Italian/project/project1/pcileech_squirrel/project_1 -force
WARNING: [IP_Flow 19-2162] IP 'fifo_134_134_clk2_rxfifo' is locked:
* IP definition 'FIFO Generator (13.2)' for IP 'fifo_134_134_clk2_rxfifo' (customized with software release 2024.1.1) has a different revision in the IP Catalog.
WARNING: [IP_Flow 19-2162] IP 'fifo_1_1_clk2' is locked:
* IP definition 'FIFO Generator (13.2)' for IP 'fifo_1_1_clk2' (customized with software release 2024.1.1) has a different revision in the IP Catalog.
WARNING: [IP_Flow 19-2162] IP 'fifo_134_134_clk2' is locked:
* IP definition 'FIFO Generator (13.2)' for IP 'fifo_134_134_clk2' (customized with software release 2024.1.1) has a different revision in the IP Catalog.
WARNING: [IP_Flow 19-2162] IP 'fifo_43_43_clk2' is locked:
* IP definition 'FIFO Generator (13.2)' for IP 'fifo_43_43_clk2' (customized with software release 2024.1.1) has a different revision in the IP Catalog.
WARNING: [IP_Flow 19-2162] IP 'fifo_129_129_clk1' is locked:
* IP definition 'FIFO Generator (13.2)' for IP 'fifo_129_129_clk1' (customized with software release 2024.1.1) has a different revision in the IP Catalog.
WARNING: [IP_Flow 19-2162] IP 'drom_pcie_cfgspace_writemask' is locked:
* IP definition 'Distributed Memory Generator (8.0)' for IP 'drom_pcie_cfgspace_writemask' (customized with software release 2024.1.1) has a different revision in the IP Catalog.
WARNING: [IP_Flow 19-2162] IP 'bram_pcie_cfgspace' is locked:
* IP definition 'Block Memory Generator (8.4)' for IP 'bram_pcie_cfgspace' (customized with software release 2024.1.1) has a different revision in the IP Catalog.
WARNING: [IP_Flow 19-2162] IP 'fifo_49_49_clk2' is locked:
* IP definition 'FIFO Generator (13.2)' for IP 'fifo_49_49_clk2' (customized with software release 2024.1.1) has a different revision in the IP Catalog.
WARNING: [IP_Flow 19-2162] IP 'fifo_141_141_clk1_bar_wr' is locked:
* IP definition 'FIFO Generator (13.2)' for IP 'fifo_141_141_clk1_bar_wr' (customized with software release 2024.1.1) has a different revision in the IP Catalog.
WARNING: [IP_Flow 19-2162] IP 'fifo_134_134_clk1_bar_rdrsp' is locked:
* IP definition 'FIFO Generator (13.2)' for IP 'fifo_134_134_clk1_bar_rdrsp' (customized with software release 2024.1.1) has a different revision in the IP Catalog.
WARNING: [IP_Flow 19-2162] IP 'fifo_74_74_clk1_bar_rd1' is locked:
* IP definition 'FIFO Generator (13.2)' for IP 'fifo_74_74_clk1_bar_rd1' (customized with software release 2024.1.1) has a different revision in the IP Catalog.
WARNING: [IP_Flow 19-2162] IP 'fifo_32_32_clk2' is locked:
* IP definition 'FIFO Generator (13.2)' for IP 'fifo_32_32_clk2' (customized with software release 2024.1.1) has a different revision in the IP Catalog.
WARNING: [IP_Flow 19-2162] IP 'fifo_64_64' is locked:
* IP definition 'FIFO Generator (13.2)' for IP 'fifo_64_64' (customized with software release 2024.1.1) has a different revision in the IP Catalog.
WARNING: [IP_Flow 19-2162] IP 'fifo_64_64_clk1_fifocmd' is locked:
* IP definition 'FIFO Generator (13.2)' for IP 'fifo_64_64_clk1_fifocmd' (customized with software release 2024.1.1) has a different revision in the IP Catalog.
WARNING: [IP_Flow 19-2162] IP 'fifo_34_34' is locked:
* IP definition 'FIFO Generator (13.2)' for IP 'fifo_34_34' (customized with software release 2024.1.1) has a different revision in the IP Catalog.
WARNING: [IP_Flow 19-2162] IP 'fifo_256_32_clk2_comtx' is locked:
* IP definition 'FIFO Generator (13.2)' for IP 'fifo_256_32_clk2_comtx' (customized with software release 2024.1.1) has a different revision in the IP Catalog.
WARNING: [IP_Flow 19-2162] IP 'fifo_32_32_clk1_comtx' is locked:
* IP definition 'FIFO Generator (13.2)' for IP 'fifo_32_32_clk1_comtx' (customized with software release 2024.1.1) has a different revision in the IP Catalog.
WARNING: [IP_Flow 19-2162] IP 'fifo_64_64_clk2_comrx' is locked:
* IP definition 'FIFO Generator (13.2)' for IP 'fifo_64_64_clk2_comrx' (customized with software release 2024.1.1) has a different revision in the IP Catalog.
WARNING: [IP_Flow 19-2162] IP 'bram_bar_zero4k' is locked:
* IP definition 'Block Memory Generator (8.4)' for IP 'bram_bar_zero4k' (customized with software release 2024.1.1) has a different revision in the IP Catalog.
WARNING: [IP_Flow 19-2162] IP 'fifo_134_134_clk2_rxfifo' is locked:
* IP definition 'FIFO Generator (13.2)' for IP 'fifo_134_134_clk2_rxfifo' (customized with software release 2024.1.1) has a different revision in the IP Catalog.
WARNING: [IP_Flow 19-2162] IP 'fifo_1_1_clk2' is locked:
* IP definition 'FIFO Generator (13.2)' for IP 'fifo_1_1_clk2' (customized with software release 2024.1.1) has a different revision in the IP Catalog.
WARNING: [IP_Flow 19-2162] IP 'fifo_134_134_clk2' is locked:
* IP definition 'FIFO Generator (13.2)' for IP 'fifo_134_134_clk2' (customized with software release 2024.1.1) has a different revision in the IP Catalog.
WARNING: [IP_Flow 19-2162] IP 'fifo_43_43_clk2' is locked:
* IP definition 'FIFO Generator (13.2)' for IP 'fifo_43_43_clk2' (customized with software release 2024.1.1) has a different revision in the IP Catalog.
WARNING: [IP_Flow 19-2162] IP 'fifo_129_129_clk1' is locked:
* IP definition 'FIFO Generator (13.2)' for IP 'fifo_129_129_clk1' (customized with software release 2024.1.1) has a different revision in the IP Catalog.
WARNING: [IP_Flow 19-2162] IP 'drom_pcie_cfgspace_writemask' is locked:
* IP definition 'Distributed Memory Generator (8.0)' for IP 'drom_pcie_cfgspace_writemask' (customized with software release 2024.1.1) has a different revision in the IP Catalog.
WARNING: [IP_Flow 19-2162] IP 'bram_pcie_cfgspace' is locked:
* IP definition 'Block Memory Generator (8.4)' for IP 'bram_pcie_cfgspace' (customized with software release 2024.1.1) has a different revision in the IP Catalog.
WARNING: [IP_Flow 19-2162] IP 'fifo_49_49_clk2' is locked:
* IP definition 'FIFO Generator (13.2)' for IP 'fifo_49_49_clk2' (customized with software release 2024.1.1) has a different revision in the IP Catalog.
WARNING: [IP_Flow 19-2162] IP 'fifo_141_141_clk1_bar_wr' is locked:
* IP definition 'FIFO Generator (13.2)' for IP 'fifo_141_141_clk1_bar_wr' (customized with software release 2024.1.1) has a different revision in the IP Catalog.
WARNING: [IP_Flow 19-2162] IP 'fifo_134_134_clk1_bar_rdrsp' is locked:
* IP definition 'FIFO Generator (13.2)' for IP 'fifo_134_134_clk1_bar_rdrsp' (customized with software release 2024.1.1) has a different revision in the IP Catalog.
WARNING: [IP_Flow 19-2162] IP 'fifo_74_74_clk1_bar_rd1' is locked:
* IP definition 'FIFO Generator (13.2)' for IP 'fifo_74_74_clk1_bar_rd1' (customized with software release 2024.1.1) has a different revision in the IP Catalog.
WARNING: [IP_Flow 19-2162] IP 'fifo_32_32_clk2' is locked:
* IP definition 'FIFO Generator (13.2)' for IP 'fifo_32_32_clk2' (customized with software release 2024.1.1) has a different revision in the IP Catalog.
WARNING: [IP_Flow 19-2162] IP 'fifo_64_64' is locked:
* IP definition 'FIFO Generator (13.2)' for IP 'fifo_64_64' (customized with software release 2024.1.1) has a different revision in the IP Catalog.
WARNING: [IP_Flow 19-2162] IP 'fifo_64_64_clk1_fifocmd' is locked:
* IP definition 'FIFO Generator (13.2)' for IP 'fifo_64_64_clk1_fifocmd' (customized with software release 2024.1.1) has a different revision in the IP Catalog.
WARNING: [IP_Flow 19-2162] IP 'fifo_34_34' is locked:
* IP definition 'FIFO Generator (13.2)' for IP 'fifo_34_34' (customized with software release 2024.1.1) has a different revision in the IP Catalog.
WARNING: [IP_Flow 19-2162] IP 'fifo_256_32_clk2_comtx' is locked:
* IP definition 'FIFO Generator (13.2)' for IP 'fifo_256_32_clk2_comtx' (customized with software release 2024.1.1) has a different revision in the IP Catalog.
WARNING: [IP_Flow 19-2162] IP 'fifo_32_32_clk1_comtx' is locked:
* IP definition 'FIFO Generator (13.2)' for IP 'fifo_32_32_clk1_comtx' (customized with software release 2024.1.1) has a different revision in the IP Catalog.
WARNING: [IP_Flow 19-2162] IP 'fifo_64_64_clk2_comrx' is locked:
* IP definition 'FIFO Generator (13.2)' for IP 'fifo_64_64_clk2_comrx' (customized with software release 2024.1.1) has a different revision in the IP Catalog.
WARNING: [IP_Flow 19-2162] IP 'bram_bar_zero4k' is locked:
* IP definition 'Block Memory Generator (8.4)' for IP 'bram_bar_zero4k' (customized with software release 2024.1.1) has a different revision in the IP Catalog.
exit
INFO: [Common 17-206] Exiting Vivado at Wed Jul  3 17:41:04 2024...
